Traceback (most recent call last):
  File "/Users/yuchiaol_ntuas/miniconda3/lib/python3.11/site-packages/jupyter_cache/executors/utils.py", line 58, in single_nb_execution
    executenb(
  File "/Users/yuchiaol_ntuas/miniconda3/lib/python3.11/site-packages/nbclient/client.py", line 1305, in execute
    return NotebookClient(nb=nb, resources=resources, km=km, **kwargs).execute()
           ^^^^^^^^^^^^^^^^^^^^^^^^^^^^^^^^^^^^^^^^^^^^^^^^^^^^^^^^^^^^^^^^^^^^^
  File "/Users/yuchiaol_ntuas/miniconda3/lib/python3.11/site-packages/jupyter_core/utils/__init__.py", line 166, in wrapped
    return loop.run_until_complete(inner)
           ^^^^^^^^^^^^^^^^^^^^^^^^^^^^^^
  File "/Users/yuchiaol_ntuas/miniconda3/lib/python3.11/asyncio/base_events.py", line 653, in run_until_complete
    return future.result()
           ^^^^^^^^^^^^^^^
  File "/Users/yuchiaol_ntuas/miniconda3/lib/python3.11/site-packages/nbclient/client.py", line 705, in async_execute
    await self.async_execute_cell(
  File "/Users/yuchiaol_ntuas/miniconda3/lib/python3.11/site-packages/nbclient/client.py", line 1058, in async_execute_cell
    await self._check_raise_for_error(cell, cell_index, exec_reply)
  File "/Users/yuchiaol_ntuas/miniconda3/lib/python3.11/site-packages/nbclient/client.py", line 914, in _check_raise_for_error
    raise CellExecutionError.from_cell_and_msg(cell, exec_reply_content)
nbclient.exceptions.CellExecutionError: An error occurred while executing the following cell:
------------------
import xarray as xr
## The NOAA ESRL server is shutdown! January 2019
#ncep_url = "http://www.esrl.noaa.gov/psd/thredds/dodsC/Datasets/ncep.reanalysis.derived/"
ncep_Ts = xr.open_dataset( ncep_url + "skt.sfc.mon.1981-2010.ltm.nc", decode_times=False)
#url = 'http://apdrc.soest.hawaii.edu:80/dods/public_data/Reanalysis_Data/NCEP/NCEP/clima/'
#ncep_Ts = xr.open_dataset(url + 'surface_gauss/skt')
lat_ncep = ncep_Ts.lat; lon_ncep = ncep_Ts.lon
print( ncep_Ts)

#  Take the annual and zonal average!
Ts_ncep_annual = ncep_Ts.skt.mean(dim=('lon','time'))

# TOA radiation data
ncep_ulwrf = xr.open_dataset( ncep_url + "ulwrf.ntat.mon.1981-2010.ltm.nc", decode_times=False)
ncep_dswrf = xr.open_dataset( ncep_url + "dswrf.ntat.mon.1981-2010.ltm.nc", decode_times=False)
ncep_uswrf = xr.open_dataset( ncep_url + "uswrf.ntat.mon.1981-2010.ltm.nc", decode_times=False)
OLR_ncep_annual = ncep_ulwrf.ulwrf.mean(dim=('lon','time'))
ASR_ncep_annual = (ncep_dswrf.dswrf - ncep_uswrf.uswrf).mean(dim=('lon','time'))

#  Use a linear regression package to compute best fit for the slope and intercept
from scipy.stats import linregress
slope, intercept, r_value, p_value, std_err = linregress(Ts_ncep_annual, OLR_ncep_annual)

print( 'Best fit is A = %0.0f W/m2 and B = %0.1f W/m2/degC' %(intercept, slope))

#  More standard values
A = 210.
B = 2.

fig, ax1 = plt.subplots(figsize=(8,6))
ax1.plot( Ts_ncep_annual, OLR_ncep_annual, 'o' , label='data')
ax1.plot( Ts_ncep_annual, intercept + slope * Ts_ncep_annual, 'k--', label='best fit')
ax1.plot( Ts_ncep_annual, A + B * Ts_ncep_annual, 'r--', label='B=2')
ax1.set_xlabel('Surface temperature (C)', fontsize=16)
ax1.set_ylabel('OLR (W m$^{-2}$)', fontsize=16)
ax1.set_title('OLR versus surface temperature from NCEP reanalysis', fontsize=18)
ax1.legend(loc='upper left')
ax1.grid()


------------------


[0;31m---------------------------------------------------------------------------[0m
[0;31mKeyError[0m                                  Traceback (most recent call last)
File [0;32m~/miniconda3/lib/python3.11/site-packages/xarray/backends/file_manager.py:211[0m, in [0;36mCachingFileManager._acquire_with_cache_info[0;34m(self, needs_lock)[0m
[1;32m    210[0m [38;5;28;01mtry[39;00m:
[0;32m--> 211[0m     file [38;5;241m=[39m [38;5;28;43mself[39;49m[38;5;241;43m.[39;49m[43m_cache[49m[43m[[49m[38;5;28;43mself[39;49m[38;5;241;43m.[39;49m[43m_key[49m[43m][49m
[1;32m    212[0m [38;5;28;01mexcept[39;00m [38;5;167;01mKeyError[39;00m:

File [0;32m~/miniconda3/lib/python3.11/site-packages/xarray/backends/lru_cache.py:56[0m, in [0;36mLRUCache.__getitem__[0;34m(self, key)[0m
[1;32m     55[0m [38;5;28;01mwith[39;00m [38;5;28mself[39m[38;5;241m.[39m_lock:
[0;32m---> 56[0m     value [38;5;241m=[39m [38;5;28;43mself[39;49m[38;5;241;43m.[39;49m[43m_cache[49m[43m[[49m[43mkey[49m[43m][49m
[1;32m     57[0m     [38;5;28mself[39m[38;5;241m.[39m_cache[38;5;241m.[39mmove_to_end(key)

[0;31mKeyError[0m: [<class 'netCDF4._netCDF4.Dataset'>, ('/Users/yuchiaol_ntuas/Desktop/ebooks/data/skt.sfc.mon.1981-2010.ltm.nc',), 'r', (('clobber', True), ('diskless', False), ('format', 'NETCDF4'), ('persist', False)), '04681150-0c4c-43f7-82ac-e3a016098426']

During handling of the above exception, another exception occurred:

[0;31mFileNotFoundError[0m                         Traceback (most recent call last)
Cell [0;32mIn[15], line 4[0m
[1;32m      1[0m [38;5;28;01mimport[39;00m [38;5;21;01mxarray[39;00m [38;5;28;01mas[39;00m [38;5;21;01mxr[39;00m
[1;32m      2[0m [38;5;66;03m## The NOAA ESRL server is shutdown! January 2019[39;00m
[1;32m      3[0m [38;5;66;03m#ncep_url = "http://www.esrl.noaa.gov/psd/thredds/dodsC/Datasets/ncep.reanalysis.derived/"[39;00m
[0;32m----> 4[0m ncep_Ts [38;5;241m=[39m [43mxr[49m[38;5;241;43m.[39;49m[43mopen_dataset[49m[43m([49m[43m [49m[43mncep_url[49m[43m [49m[38;5;241;43m+[39;49m[43m [49m[38;5;124;43m"[39;49m[38;5;124;43mskt.sfc.mon.1981-2010.ltm.nc[39;49m[38;5;124;43m"[39;49m[43m,[49m[43m [49m[43mdecode_times[49m[38;5;241;43m=[39;49m[38;5;28;43;01mFalse[39;49;00m[43m)[49m
[1;32m      5[0m [38;5;66;03m#url = 'http://apdrc.soest.hawaii.edu:80/dods/public_data/Reanalysis_Data/NCEP/NCEP/clima/'[39;00m
[1;32m      6[0m [38;5;66;03m#ncep_Ts = xr.open_dataset(url + 'surface_gauss/skt')[39;00m
[1;32m      7[0m lat_ncep [38;5;241m=[39m ncep_Ts[38;5;241m.[39mlat; lon_ncep [38;5;241m=[39m ncep_Ts[38;5;241m.[39mlon

File [0;32m~/miniconda3/lib/python3.11/site-packages/xarray/backends/api.py:573[0m, in [0;36mopen_dataset[0;34m(filename_or_obj, engine, chunks, cache, decode_cf, mask_and_scale, decode_times, decode_timedelta, use_cftime, concat_characters, decode_coords, drop_variables, inline_array, chunked_array_type, from_array_kwargs, backend_kwargs, **kwargs)[0m
[1;32m    561[0m decoders [38;5;241m=[39m _resolve_decoders_kwargs(
[1;32m    562[0m     decode_cf,
[1;32m    563[0m     open_backend_dataset_parameters[38;5;241m=[39mbackend[38;5;241m.[39mopen_dataset_parameters,
[0;32m   (...)[0m
[1;32m    569[0m     decode_coords[38;5;241m=[39mdecode_coords,
[1;32m    570[0m )
[1;32m    572[0m overwrite_encoded_chunks [38;5;241m=[39m kwargs[38;5;241m.[39mpop([38;5;124m"[39m[38;5;124moverwrite_encoded_chunks[39m[38;5;124m"[39m, [38;5;28;01mNone[39;00m)
[0;32m--> 573[0m backend_ds [38;5;241m=[39m [43mbackend[49m[38;5;241;43m.[39;49m[43mopen_dataset[49m[43m([49m
[1;32m    574[0m [43m    [49m[43mfilename_or_obj[49m[43m,[49m
[1;32m    575[0m [43m    [49m[43mdrop_variables[49m[38;5;241;43m=[39;49m[43mdrop_variables[49m[43m,[49m
[1;32m    576[0m [43m    [49m[38;5;241;43m*[39;49m[38;5;241;43m*[39;49m[43mdecoders[49m[43m,[49m
[1;32m    577[0m [43m    [49m[38;5;241;43m*[39;49m[38;5;241;43m*[39;49m[43mkwargs[49m[43m,[49m
[1;32m    578[0m [43m[49m[43m)[49m
[1;32m    579[0m ds [38;5;241m=[39m _dataset_from_backend_dataset(
[1;32m    580[0m     backend_ds,
[1;32m    581[0m     filename_or_obj,
[0;32m   (...)[0m
[1;32m    591[0m     [38;5;241m*[39m[38;5;241m*[39mkwargs,
[1;32m    592[0m )
[1;32m    593[0m [38;5;28;01mreturn[39;00m ds

File [0;32m~/miniconda3/lib/python3.11/site-packages/xarray/backends/netCDF4_.py:646[0m, in [0;36mNetCDF4BackendEntrypoint.open_dataset[0;34m(self, filename_or_obj, mask_and_scale, decode_times, concat_characters, decode_coords, drop_variables, use_cftime, decode_timedelta, group, mode, format, clobber, diskless, persist, lock, autoclose)[0m
[1;32m    625[0m [38;5;28;01mdef[39;00m [38;5;21mopen_dataset[39m(  [38;5;66;03m# type: ignore[override]  # allow LSP violation, not supporting **kwargs[39;00m
[1;32m    626[0m     [38;5;28mself[39m,
[1;32m    627[0m     filename_or_obj: [38;5;28mstr[39m [38;5;241m|[39m os[38;5;241m.[39mPathLike[Any] [38;5;241m|[39m BufferedIOBase [38;5;241m|[39m AbstractDataStore,
[0;32m   (...)[0m
[1;32m    643[0m     autoclose[38;5;241m=[39m[38;5;28;01mFalse[39;00m,
[1;32m    644[0m ) [38;5;241m-[39m[38;5;241m>[39m Dataset:
[1;32m    645[0m     filename_or_obj [38;5;241m=[39m _normalize_path(filename_or_obj)
[0;32m--> 646[0m     store [38;5;241m=[39m [43mNetCDF4DataStore[49m[38;5;241;43m.[39;49m[43mopen[49m[43m([49m
[1;32m    647[0m [43m        [49m[43mfilename_or_obj[49m[43m,[49m
[1;32m    648[0m [43m        [49m[43mmode[49m[38;5;241;43m=[39;49m[43mmode[49m[43m,[49m
[1;32m    649[0m [43m        [49m[38;5;28;43mformat[39;49m[38;5;241;43m=[39;49m[38;5;28;43mformat[39;49m[43m,[49m
[1;32m    650[0m [43m        [49m[43mgroup[49m[38;5;241;43m=[39;49m[43mgroup[49m[43m,[49m
[1;32m    651[0m [43m        [49m[43mclobber[49m[38;5;241;43m=[39;49m[43mclobber[49m[43m,[49m
[1;32m    652[0m [43m        [49m[43mdiskless[49m[38;5;241;43m=[39;49m[43mdiskless[49m[43m,[49m
[1;32m    653[0m [43m        [49m[43mpersist[49m[38;5;241;43m=[39;49m[43mpersist[49m[43m,[49m
[1;32m    654[0m [43m        [49m[43mlock[49m[38;5;241;43m=[39;49m[43mlock[49m[43m,[49m
[1;32m    655[0m [43m        [49m[43mautoclose[49m[38;5;241;43m=[39;49m[43mautoclose[49m[43m,[49m
[1;32m    656[0m [43m    [49m[43m)[49m
[1;32m    658[0m     store_entrypoint [38;5;241m=[39m StoreBackendEntrypoint()
[1;32m    659[0m     [38;5;28;01mwith[39;00m close_on_error(store):

File [0;32m~/miniconda3/lib/python3.11/site-packages/xarray/backends/netCDF4_.py:409[0m, in [0;36mNetCDF4DataStore.open[0;34m(cls, filename, mode, format, group, clobber, diskless, persist, lock, lock_maker, autoclose)[0m
[1;32m    403[0m kwargs [38;5;241m=[39m [38;5;28mdict[39m(
[1;32m    404[0m     clobber[38;5;241m=[39mclobber, diskless[38;5;241m=[39mdiskless, persist[38;5;241m=[39mpersist, [38;5;28mformat[39m[38;5;241m=[39m[38;5;28mformat[39m
[1;32m    405[0m )
[1;32m    406[0m manager [38;5;241m=[39m CachingFileManager(
[1;32m    407[0m     netCDF4[38;5;241m.[39mDataset, filename, mode[38;5;241m=[39mmode, kwargs[38;5;241m=[39mkwargs
[1;32m    408[0m )
[0;32m--> 409[0m [38;5;28;01mreturn[39;00m [38;5;28;43mcls[39;49m[43m([49m[43mmanager[49m[43m,[49m[43m [49m[43mgroup[49m[38;5;241;43m=[39;49m[43mgroup[49m[43m,[49m[43m [49m[43mmode[49m[38;5;241;43m=[39;49m[43mmode[49m[43m,[49m[43m [49m[43mlock[49m[38;5;241;43m=[39;49m[43mlock[49m[43m,[49m[43m [49m[43mautoclose[49m[38;5;241;43m=[39;49m[43mautoclose[49m[43m)[49m

File [0;32m~/miniconda3/lib/python3.11/site-packages/xarray/backends/netCDF4_.py:356[0m, in [0;36mNetCDF4DataStore.__init__[0;34m(self, manager, group, mode, lock, autoclose)[0m
[1;32m    354[0m [38;5;28mself[39m[38;5;241m.[39m_group [38;5;241m=[39m group
[1;32m    355[0m [38;5;28mself[39m[38;5;241m.[39m_mode [38;5;241m=[39m mode
[0;32m--> 356[0m [38;5;28mself[39m[38;5;241m.[39mformat [38;5;241m=[39m [38;5;28;43mself[39;49m[38;5;241;43m.[39;49m[43mds[49m[38;5;241m.[39mdata_model
[1;32m    357[0m [38;5;28mself[39m[38;5;241m.[39m_filename [38;5;241m=[39m [38;5;28mself[39m[38;5;241m.[39mds[38;5;241m.[39mfilepath()
[1;32m    358[0m [38;5;28mself[39m[38;5;241m.[39mis_remote [38;5;241m=[39m is_remote_uri([38;5;28mself[39m[38;5;241m.[39m_filename)

File [0;32m~/miniconda3/lib/python3.11/site-packages/xarray/backends/netCDF4_.py:418[0m, in [0;36mNetCDF4DataStore.ds[0;34m(self)[0m
[1;32m    416[0m [38;5;129m@property[39m
[1;32m    417[0m [38;5;28;01mdef[39;00m [38;5;21mds[39m([38;5;28mself[39m):
[0;32m--> 418[0m     [38;5;28;01mreturn[39;00m [38;5;28;43mself[39;49m[38;5;241;43m.[39;49m[43m_acquire[49m[43m([49m[43m)[49m

File [0;32m~/miniconda3/lib/python3.11/site-packages/xarray/backends/netCDF4_.py:412[0m, in [0;36mNetCDF4DataStore._acquire[0;34m(self, needs_lock)[0m
[1;32m    411[0m [38;5;28;01mdef[39;00m [38;5;21m_acquire[39m([38;5;28mself[39m, needs_lock[38;5;241m=[39m[38;5;28;01mTrue[39;00m):
[0;32m--> 412[0m [43m    [49m[38;5;28;43;01mwith[39;49;00m[43m [49m[38;5;28;43mself[39;49m[38;5;241;43m.[39;49m[43m_manager[49m[38;5;241;43m.[39;49m[43macquire_context[49m[43m([49m[43mneeds_lock[49m[43m)[49m[43m [49m[38;5;28;43;01mas[39;49;00m[43m [49m[43mroot[49m[43m:[49m
[1;32m    413[0m [43m        [49m[43mds[49m[43m [49m[38;5;241;43m=[39;49m[43m [49m[43m_nc4_require_group[49m[43m([49m[43mroot[49m[43m,[49m[43m [49m[38;5;28;43mself[39;49m[38;5;241;43m.[39;49m[43m_group[49m[43m,[49m[43m [49m[38;5;28;43mself[39;49m[38;5;241;43m.[39;49m[43m_mode[49m[43m)[49m
[1;32m    414[0m     [38;5;28;01mreturn[39;00m ds

File [0;32m~/miniconda3/lib/python3.11/contextlib.py:137[0m, in [0;36m_GeneratorContextManager.__enter__[0;34m(self)[0m
[1;32m    135[0m [38;5;28;01mdel[39;00m [38;5;28mself[39m[38;5;241m.[39margs, [38;5;28mself[39m[38;5;241m.[39mkwds, [38;5;28mself[39m[38;5;241m.[39mfunc
[1;32m    136[0m [38;5;28;01mtry[39;00m:
[0;32m--> 137[0m     [38;5;28;01mreturn[39;00m [38;5;28mnext[39m([38;5;28mself[39m[38;5;241m.[39mgen)
[1;32m    138[0m [38;5;28;01mexcept[39;00m [38;5;167;01mStopIteration[39;00m:
[1;32m    139[0m     [38;5;28;01mraise[39;00m [38;5;167;01mRuntimeError[39;00m([38;5;124m"[39m[38;5;124mgenerator didn[39m[38;5;124m'[39m[38;5;124mt yield[39m[38;5;124m"[39m) [38;5;28;01mfrom[39;00m [38;5;28;01mNone[39;00m

File [0;32m~/miniconda3/lib/python3.11/site-packages/xarray/backends/file_manager.py:199[0m, in [0;36mCachingFileManager.acquire_context[0;34m(self, needs_lock)[0m
[1;32m    196[0m [38;5;129m@contextlib[39m[38;5;241m.[39mcontextmanager
[1;32m    197[0m [38;5;28;01mdef[39;00m [38;5;21macquire_context[39m([38;5;28mself[39m, needs_lock[38;5;241m=[39m[38;5;28;01mTrue[39;00m):
[1;32m    198[0m [38;5;250m    [39m[38;5;124;03m"""Context manager for acquiring a file."""[39;00m
[0;32m--> 199[0m     file, cached [38;5;241m=[39m [38;5;28;43mself[39;49m[38;5;241;43m.[39;49m[43m_acquire_with_cache_info[49m[43m([49m[43mneeds_lock[49m[43m)[49m
[1;32m    200[0m     [38;5;28;01mtry[39;00m:
[1;32m    201[0m         [38;5;28;01myield[39;00m file

File [0;32m~/miniconda3/lib/python3.11/site-packages/xarray/backends/file_manager.py:217[0m, in [0;36mCachingFileManager._acquire_with_cache_info[0;34m(self, needs_lock)[0m
[1;32m    215[0m     kwargs [38;5;241m=[39m kwargs[38;5;241m.[39mcopy()
[1;32m    216[0m     kwargs[[38;5;124m"[39m[38;5;124mmode[39m[38;5;124m"[39m] [38;5;241m=[39m [38;5;28mself[39m[38;5;241m.[39m_mode
[0;32m--> 217[0m file [38;5;241m=[39m [38;5;28;43mself[39;49m[38;5;241;43m.[39;49m[43m_opener[49m[43m([49m[38;5;241;43m*[39;49m[38;5;28;43mself[39;49m[38;5;241;43m.[39;49m[43m_args[49m[43m,[49m[43m [49m[38;5;241;43m*[39;49m[38;5;241;43m*[39;49m[43mkwargs[49m[43m)[49m
[1;32m    218[0m [38;5;28;01mif[39;00m [38;5;28mself[39m[38;5;241m.[39m_mode [38;5;241m==[39m [38;5;124m"[39m[38;5;124mw[39m[38;5;124m"[39m:
[1;32m    219[0m     [38;5;66;03m# ensure file doesn't get overridden when opened again[39;00m
[1;32m    220[0m     [38;5;28mself[39m[38;5;241m.[39m_mode [38;5;241m=[39m [38;5;124m"[39m[38;5;124ma[39m[38;5;124m"[39m

File [0;32msrc/netCDF4/_netCDF4.pyx:2463[0m, in [0;36mnetCDF4._netCDF4.Dataset.__init__[0;34m()[0m

File [0;32msrc/netCDF4/_netCDF4.pyx:2026[0m, in [0;36mnetCDF4._netCDF4._ensure_nc_success[0;34m()[0m

[0;31mFileNotFoundError[0m: [Errno 2] No such file or directory: b'/Users/yuchiaol_ntuas/Desktop/ebooks/data/skt.sfc.mon.1981-2010.ltm.nc'

